\BOOKMARK [1][-]{section.0}{文献リスト - Dynamic Boundary Condition \(動的境界条件/力学的境界条件\)}{}% 1
\BOOKMARK [2][-]{subsection.0.1}{Cahn\205Hilliard 方程式}{section.0}% 2
\BOOKMARK [2][-]{subsection.0.2}{Nonstandard Cahn\205Hilliard 方程式\(Podio-Guidugli type\)}{section.0}% 3
\BOOKMARK [1][-]{section.1}{Cahn\205Hilliard 方程式 \205 混合型\(GMS type\)の動的境界条件}{}% 4
\BOOKMARK [2][-]{subsection.1.1}{Colli, Gilardi, Sprekels \(2018\) note:19-4 pp.42-47 day:2019.08.11}{section.1}% 5
\BOOKMARK [2][-]{subsection.1.2}{Colli, Fukao \(2015\) note:null day:2019.10.07}{section.1}% 6
\BOOKMARK [2][-]{subsection.1.3}{Goldstein, Miranville, Schimperna \(2011\) GoldsteinMiranvilleSchimperna2011 day:191007, 200530}{section.1}% 7
\BOOKMARK [1][-]{section.2}{Cahn\205Hilliard 方程式 \205 境界で Allen\205Cahn 方程式を満たす動的境界条件}{}% 8
\BOOKMARK [2][-]{subsection.2.1}{Scarpa \(2019\) Scarpa2019 note:null day:2019.10.07}{section.2}% 9
\BOOKMARK [2][-]{subsection.2.2}{Colli Fukao \(2015\) ColliFukao2015-CH-AC note:null day:2019.10.08}{section.2}% 10
\BOOKMARK [2][-]{subsection.2.3}{Colli, Hassan Farshbaf-Shaker, Gilardi, Sprekels \(2015\) ColliFGS2015 note:null day:2019.10.10}{section.2}% 11
\BOOKMARK [2][-]{subsection.2.4}{Colli, Gilardi, Sprekels \(2014\) ColliGilardiSprekels2014 note:null day:2019.10.14}{section.2}% 12
\BOOKMARK [2][-]{subsection.2.5}{Miranville, Zelik \(2009\) MiranvilleZelik2009 note:null day:2019.10.15}{section.2}% 13
\BOOKMARK [2][-]{subsection.2.6}{Miranville, Zelik \(2005\) MiranvilleZelik2005 note:null day:2019.10.15}{section.2}% 14
\BOOKMARK [2][-]{subsection.2.7}{Racke, Zheng \(2003\) RackeZheng2003 note:null day:2019.10.18}{section.2}% 15
\BOOKMARK [2][-]{subsection.2.8}{論文情報}{section.2}% 16
\BOOKMARK [1][-]{section.3}{Cahn\205Hilliard 方程式 \205 境界で Cahn\205Hilliard 方程式を満たす動的境界条件}{}% 17
\BOOKMARK [2][-]{subsection.3.1}{Colli, Fukao, Wu \(to appear\) ColliFukaoWu2020 note:19-5 pp.42-43 day:2019.10.23}{section.3}% 18
\BOOKMARK [2][-]{subsection.3.2}{Knopf, Lam \(prep\) note:null day:2019.10.24}{section.3}% 19
\BOOKMARK [2][-]{subsection.3.3}{Liu, Wu \(2019\) LiuWu2019 note:19-5 pp.154-157 day:2019.10.23}{section.3}% 20
\BOOKMARK [2][-]{subsection.3.4}{Garcke, Knopf \(2018\) note:19-5 pp.??-?? day:2019.10.24}{section.3}% 21
\BOOKMARK [2][-]{subsection.3.5}{Wu \(2018\) note:null day:2019.10.24}{section.3}% 22
\BOOKMARK [1][-]{section.4}{Nonstandard Cahn\205Hilliard 方程式 \(Podio-Guidugli type\)}{}% 23
\BOOKMARK [2][-]{subsection.4.1}{Colli, Gilardi, Sprekels \(2018\) ColliGilardiSprekels2018 note:19-4 pp.32-37 day:2019.08.08}{section.4}% 24
\BOOKMARK [1][-]{appendix.A}{有向グラフのサンプル}{}% 25
